<?xml version="1.0" encoding="UTF-8"?>
<!-- Generated by org.testng.reporters.JUnitReportReporter -->
<testsuite hostname="DESKTOP-UM6VG8G" failures="0" tests="1" name="Testcases.TC001_Searchproduct" time="6.534" errors="0" timestamp="2025-08-04T00:30:52 IST" skipped="0">
  <testcase classname="Testcases.TC001_Searchproduct" name="searchForProduct" time="6.534"/>
  <system-out/>
</testsuite> <!-- Testcases.TC001_Searchproduct -->
