<?xml version="1.0" encoding="UTF-8"?>
<!-- Generated by org.testng.reporters.JUnitReportReporter -->
<testsuite hostname="DESKTOP-UM6VG8G" failures="0" tests="1" name="Pages.Homepage" time="3.121" errors="0" timestamp="2025-08-03T21:39:07 IST" skipped="0">
  <testcase classname="Pages.Homepage" name="Search" time="3.121"/>
  <system-out/>
</testsuite> <!-- Pages.Homepage -->
