<?xml version="1.0" encoding="UTF-8"?>
<!-- Generated by org.testng.reporters.JUnitReportReporter -->
<testsuite hostname="DESKTOP-UM6VG8G" failures="0" tests="1" name="Testcases.TC002_AddtoCart" time="9.979" errors="0" timestamp="2025-08-04T01:47:59 IST" skipped="0">
  <testcase classname="Testcases.TC002_AddtoCart" name="AddtocartProduct" time="9.979"/>
  <system-out/>
</testsuite> <!-- Testcases.TC002_AddtoCart -->
